2024-12-03T09:50:30.901+03:00  INFO 85858 --- [main] com.example.Application                  : Starting Application using Java 22 with PID 85858 (/Users/artem/Downloads/spring-elk-hello-world/target/classes started by artem in /Users/artem/Downloads/spring-elk-hello-world)
2024-12-03T09:50:30.902+03:00  INFO 85858 --- [main] com.example.Application                  : No active profile set, falling back to 1 default profile: "default"
2024-12-03T09:50:31.276+03:00  INFO 85858 --- [main] o.s.b.w.embedded.tomcat.TomcatWebServer  : Tomcat initialized with port(s): 8080 (http)
2024-12-03T09:50:31.281+03:00  INFO 85858 --- [main] o.apache.catalina.core.StandardService   : Starting service [Tomcat]
2024-12-03T09:50:31.281+03:00  INFO 85858 --- [main] o.apache.catalina.core.StandardEngine    : Starting Servlet engine: [Apache Tomcat/10.1.12]
2024-12-03T09:50:31.313+03:00  INFO 85858 --- [main] o.a.c.c.C.[Tomcat].[localhost].[/]       : Initializing Spring embedded WebApplicationContext
2024-12-03T09:50:31.313+03:00  INFO 85858 --- [main] w.s.c.ServletWebServerApplicationContext : Root WebApplicationContext: initialization completed in 394 ms
2024-12-03T09:50:31.440+03:00  INFO 85858 --- [main] o.s.b.w.embedded.tomcat.TomcatWebServer  : Tomcat started on port(s): 8080 (http) with context path ''
2024-12-03T09:50:31.443+03:00  INFO 85858 --- [main] com.example.Application                  : Started Application in 0.709 seconds (process running for 1.722)
2024-12-03T09:50:37.050+03:00  INFO 85858 --- [http-nio-8080-exec-2] o.a.c.c.C.[Tomcat].[localhost].[/]       : Initializing Spring DispatcherServlet 'dispatcherServlet'
2024-12-03T09:50:37.051+03:00  INFO 85858 --- [http-nio-8080-exec-2] o.s.web.servlet.DispatcherServlet        : Initializing Servlet 'dispatcherServlet'
2024-12-03T09:50:37.053+03:00  INFO 85858 --- [http-nio-8080-exec-2] o.s.web.servlet.DispatcherServlet        : Completed initialization in 2 ms
2024-12-03T09:50:37.070+03:00  INFO 85858 --- [http-nio-8080-exec-2] com.example.HelloWorldController         : Hello World endpoint was called
2024-12-03T09:58:52.356+03:00  INFO 85858 --- [http-nio-8080-exec-4] com.example.HelloWorldController         : Hello World endpoint was called
2025-10-08T19:50:12.329Z  INFO 1 --- [main] com.example.Application                  : Starting Application v1.0.0 using Java 17.0.2 with PID 1 (/app.jar started by root in /)
2025-10-08T19:50:12.334Z  INFO 1 --- [main] com.example.Application                  : No active profile set, falling back to 1 default profile: "default"
2025-10-08T19:50:13.632Z  INFO 1 --- [main] o.s.b.w.embedded.tomcat.TomcatWebServer  : Tomcat initialized with port(s): 8080 (http)
2025-10-08T19:50:13.652Z  INFO 1 --- [main] o.apache.catalina.core.StandardService   : Starting service [Tomcat]
2025-10-08T19:50:13.654Z  INFO 1 --- [main] o.apache.catalina.core.StandardEngine    : Starting Servlet engine: [Apache Tomcat/10.1.12]
2025-10-08T19:50:13.820Z  INFO 1 --- [main] o.a.c.c.C.[Tomcat].[localhost].[/]       : Initializing Spring embedded WebApplicationContext
2025-10-08T19:50:13.822Z  INFO 1 --- [main] w.s.c.ServletWebServerApplicationContext : Root WebApplicationContext: initialization completed in 1393 ms
2025-10-08T19:50:14.482Z  INFO 1 --- [main] o.s.b.w.embedded.tomcat.TomcatWebServer  : Tomcat started on port(s): 8080 (http) with context path ''
2025-10-08T19:50:14.521Z  INFO 1 --- [main] com.example.Application                  : Started Application in 2.871 seconds (process running for 3.541)
2025-10-08T19:50:57.660Z  INFO 1 --- [http-nio-8080-exec-1] o.a.c.c.C.[Tomcat].[localhost].[/]       : Initializing Spring DispatcherServlet 'dispatcherServlet'
2025-10-08T19:50:57.661Z  INFO 1 --- [http-nio-8080-exec-1] o.s.web.servlet.DispatcherServlet        : Initializing Servlet 'dispatcherServlet'
2025-10-08T19:50:57.663Z  INFO 1 --- [http-nio-8080-exec-1] o.s.web.servlet.DispatcherServlet        : Completed initialization in 1 ms
2025-10-08T19:50:57.685Z  INFO 1 --- [http-nio-8080-exec-1] com.example.HelloWorldController         : Hello World endpoint was called
2025-10-08T19:50:57.686Z  INFO 1 --- [http-nio-8080-exec-1] com.example.HelloWorldController         : Logger worked! Ura!
